{"/Users/leroux/gitter/node-gitter/lib/client.js":{"path":"/Users/leroux/gitter/node-gitter/lib/client.js","s":{"1":1,"2":1,"3":1,"4":1,"5":1,"6":1,"7":1,"8":1,"9":1,"10":1,"11":1,"12":10,"13":10,"14":1,"15":9,"16":1,"17":10,"18":0,"19":10,"20":10,"21":10,"22":10,"23":10,"24":1,"25":10,"26":30,"27":29,"28":29,"29":29,"30":29,"31":29,"32":29,"33":29,"34":1,"35":2,"36":1,"37":27,"38":29,"39":29,"40":29,"41":29,"42":29,"43":0,"44":0,"45":29,"46":0,"47":0,"48":0,"49":0,"50":29,"51":0,"52":29,"53":29,"54":29,"55":0,"56":0,"57":0,"58":29,"59":0,"60":29,"61":8,"62":21,"63":21,"64":21,"65":21,"66":21,"67":0,"68":1},"b":{"1":[10,6],"2":[1,9],"3":[0,10],"4":[29,29],"5":[2,27],"6":[2,27],"7":[29,0],"8":[0,29],"9":[0,29],"10":[0,0],"11":[0,0],"12":[0,29],"13":[29,0],"14":[0,29],"15":[0,0],"16":[0,0],"17":[0,0],"18":[8,21],"19":[21,0],"20":[21,0]},"f":{"1":10,"2":10,"3":10,"4":29,"5":29,"6":2,"7":27,"8":29,"9":29},"fnMap":{"1":{"name":"getRequestLib","line":15,"loc":{"start":{"line":15,"column":0},"end":{"line":15,"column":32}}},"2":{"name":"Client","line":28,"loc":{"start":{"line":28,"column":0},"end":{"line":28,"column":25}}},"3":{"name":"(anonymous_3)","line":43,"loc":{"start":{"line":43,"column":18},"end":{"line":43,"column":29}}},"4":{"name":"(anonymous_4)","line":53,"loc":{"start":{"line":53,"column":12},"end":{"line":53,"column":56}}},"5":{"name":"(anonymous_5)","line":60,"loc":{"start":{"line":60,"column":30},"end":{"line":60,"column":56}}},"6":{"name":"spreadResponse","line":72,"loc":{"start":{"line":72,"column":6},"end":{"line":72,"column":46}}},"7":{"name":"noSpreadResponse","line":76,"loc":{"start":{"line":76,"column":6},"end":{"line":76,"column":38}}},"8":{"name":"(anonymous_8)","line":98,"loc":{"start":{"line":98,"column":38},"end":{"line":98,"column":68}}},"9":{"name":"(anonymous_9)","line":146,"loc":{"start":{"line":146,"column":14},"end":{"line":146,"column":39}}}},"statementMap":{"1":{"start":{"line":3,"column":0},"end":{"line":3,"column":26}},"2":{"start":{"line":4,"column":0},"end":{"line":4,"column":33}},"3":{"start":{"line":5,"column":0},"end":{"line":5,"column":34}},"4":{"start":{"line":6,"column":0},"end":{"line":6,"column":25}},"5":{"start":{"line":7,"column":0},"end":{"line":7,"column":33}},"6":{"start":{"line":8,"column":0},"end":{"line":8,"column":47}},"7":{"start":{"line":9,"column":0},"end":{"line":9,"column":60}},"8":{"start":{"line":10,"column":0},"end":{"line":10,"column":39}},"9":{"start":{"line":11,"column":0},"end":{"line":11,"column":29}},"10":{"start":{"line":12,"column":0},"end":{"line":12,"column":51}},"11":{"start":{"line":15,"column":0},"end":{"line":26,"column":1}},"12":{"start":{"line":16,"column":2},"end":{"line":16,"column":53}},"13":{"start":{"line":18,"column":2},"end":{"line":23,"column":3}},"14":{"start":{"line":19,"column":4},"end":{"line":22,"column":7}},"15":{"start":{"line":25,"column":2},"end":{"line":25,"column":27}},"16":{"start":{"line":28,"column":0},"end":{"line":40,"column":1}},"17":{"start":{"line":29,"column":2},"end":{"line":29,"column":29}},"18":{"start":{"line":29,"column":16},"end":{"line":29,"column":29}},"19":{"start":{"line":30,"column":2},"end":{"line":30,"column":31}},"20":{"start":{"line":31,"column":2},"end":{"line":31,"column":41}},"21":{"start":{"line":32,"column":2},"end":{"line":32,"column":43}},"22":{"start":{"line":33,"column":2},"end":{"line":37,"column":22}},"23":{"start":{"line":39,"column":2},"end":{"line":39,"column":24}},"24":{"start":{"line":42,"column":0},"end":{"line":163,"column":2}},"25":{"start":{"line":45,"column":4},"end":{"line":49,"column":5}},"26":{"start":{"line":46,"column":6},"end":{"line":48,"column":36}},"27":{"start":{"line":54,"column":4},"end":{"line":54,"column":20}},"28":{"start":{"line":56,"column":4},"end":{"line":56,"column":83}},"29":{"start":{"line":58,"column":4},"end":{"line":58,"column":82}},"30":{"start":{"line":60,"column":4},"end":{"line":142,"column":14}},"31":{"start":{"line":61,"column":6},"end":{"line":66,"column":9}},"32":{"start":{"line":68,"column":6},"end":{"line":68,"column":37}},"33":{"start":{"line":70,"column":6},"end":{"line":70,"column":83}},"34":{"start":{"line":72,"column":6},"end":{"line":74,"column":7}},"35":{"start":{"line":73,"column":8},"end":{"line":73,"column":34}},"36":{"start":{"line":76,"column":6},"end":{"line":78,"column":7}},"37":{"start":{"line":77,"column":8},"end":{"line":77,"column":22}},"38":{"start":{"line":80,"column":6},"end":{"line":80,"column":67}},"39":{"start":{"line":84,"column":6},"end":{"line":84,"column":155}},"40":{"start":{"line":86,"column":6},"end":{"line":96,"column":29}},"41":{"start":{"line":98,"column":6},"end":{"line":140,"column":9}},"42":{"start":{"line":99,"column":8},"end":{"line":102,"column":9}},"43":{"start":{"line":100,"column":10},"end":{"line":100,"column":34}},"44":{"start":{"line":101,"column":10},"end":{"line":101,"column":29}},"45":{"start":{"line":104,"column":8},"end":{"line":114,"column":9}},"46":{"start":{"line":106,"column":10},"end":{"line":108,"column":11}},"47":{"start":{"line":107,"column":12},"end":{"line":107,"column":45}},"48":{"start":{"line":111,"column":10},"end":{"line":113,"column":11}},"49":{"start":{"line":112,"column":12},"end":{"line":112,"column":44}},"50":{"start":{"line":116,"column":8},"end":{"line":118,"column":9}},"51":{"start":{"line":117,"column":10},"end":{"line":117,"column":42}},"52":{"start":{"line":120,"column":8},"end":{"line":138,"column":9}},"53":{"start":{"line":121,"column":10},"end":{"line":121,"column":59}},"54":{"start":{"line":123,"column":10},"end":{"line":132,"column":11}},"55":{"start":{"line":124,"column":12},"end":{"line":124,"column":139}},"56":{"start":{"line":125,"column":12},"end":{"line":125,"column":47}},"57":{"start":{"line":126,"column":12},"end":{"line":131,"column":16}},"58":{"start":{"line":134,"column":10},"end":{"line":134,"column":48}},"59":{"start":{"line":137,"column":10},"end":{"line":137,"column":27}},"60":{"start":{"line":147,"column":4},"end":{"line":147,"column":46}},"61":{"start":{"line":147,"column":34},"end":{"line":147,"column":46}},"62":{"start":{"line":150,"column":4},"end":{"line":150,"column":55}},"63":{"start":{"line":151,"column":4},"end":{"line":158,"column":5}},"64":{"start":{"line":152,"column":6},"end":{"line":152,"column":41}},"65":{"start":{"line":154,"column":6},"end":{"line":156,"column":7}},"66":{"start":{"line":155,"column":8},"end":{"line":155,"column":32}},"67":{"start":{"line":160,"column":4},"end":{"line":160,"column":16}},"68":{"start":{"line":165,"column":0},"end":{"line":165,"column":24}}},"branchMap":{"1":{"line":16,"type":"binary-expr","locations":[{"start":{"line":16,"column":26},"end":{"line":16,"column":41}},{"start":{"line":16,"column":45},"end":{"line":16,"column":52}}]},"2":{"line":18,"type":"if","locations":[{"start":{"line":18,"column":2},"end":{"line":18,"column":2}},{"start":{"line":18,"column":2},"end":{"line":18,"column":2}}]},"3":{"line":29,"type":"if","locations":[{"start":{"line":29,"column":2},"end":{"line":29,"column":2}},{"start":{"line":29,"column":2},"end":{"line":29,"column":2}}]},"4":{"line":58,"type":"binary-expr","locations":[{"start":{"line":58,"column":41},"end":{"line":58,"column":60}},{"start":{"line":58,"column":64},"end":{"line":58,"column":80}}]},"5":{"line":70,"type":"cond-expr","locations":[{"start":{"line":70,"column":54},"end":{"line":70,"column":68}},{"start":{"line":70,"column":71},"end":{"line":70,"column":82}}]},"6":{"line":80,"type":"cond-expr","locations":[{"start":{"line":80,"column":33},"end":{"line":80,"column":47}},{"start":{"line":80,"column":50},"end":{"line":80,"column":66}}]},"7":{"line":93,"type":"cond-expr","locations":[{"start":{"line":93,"column":51},"end":{"line":93,"column":57}},{"start":{"line":93,"column":60},"end":{"line":93,"column":76}}]},"8":{"line":99,"type":"if","locations":[{"start":{"line":99,"column":8},"end":{"line":99,"column":8}},{"start":{"line":99,"column":8},"end":{"line":99,"column":8}}]},"9":{"line":104,"type":"if","locations":[{"start":{"line":104,"column":8},"end":{"line":104,"column":8}},{"start":{"line":104,"column":8},"end":{"line":104,"column":8}}]},"10":{"line":106,"type":"if","locations":[{"start":{"line":106,"column":10},"end":{"line":106,"column":10}},{"start":{"line":106,"column":10},"end":{"line":106,"column":10}}]},"11":{"line":111,"type":"if","locations":[{"start":{"line":111,"column":10},"end":{"line":111,"column":10}},{"start":{"line":111,"column":10},"end":{"line":111,"column":10}}]},"12":{"line":116,"type":"if","locations":[{"start":{"line":116,"column":8},"end":{"line":116,"column":8}},{"start":{"line":116,"column":8},"end":{"line":116,"column":8}}]},"13":{"line":116,"type":"binary-expr","locations":[{"start":{"line":116,"column":12},"end":{"line":116,"column":35}},{"start":{"line":116,"column":39},"end":{"line":116,"column":66}}]},"14":{"line":123,"type":"if","locations":[{"start":{"line":123,"column":10},"end":{"line":123,"column":10}},{"start":{"line":123,"column":10},"end":{"line":123,"column":10}}]},"15":{"line":124,"type":"cond-expr","locations":[{"start":{"line":124,"column":67},"end":{"line":124,"column":106}},{"start":{"line":124,"column":109},"end":{"line":124,"column":138}}]},"16":{"line":125,"type":"binary-expr","locations":[{"start":{"line":125,"column":27},"end":{"line":125,"column":37}},{"start":{"line":125,"column":41},"end":{"line":125,"column":45}}]},"17":{"line":130,"type":"binary-expr","locations":[{"start":{"line":130,"column":20},"end":{"line":130,"column":30}},{"start":{"line":130,"column":34},"end":{"line":130,"column":38}}]},"18":{"line":147,"type":"if","locations":[{"start":{"line":147,"column":4},"end":{"line":147,"column":4}},{"start":{"line":147,"column":4},"end":{"line":147,"column":4}}]},"19":{"line":151,"type":"if","locations":[{"start":{"line":151,"column":4},"end":{"line":151,"column":4}},{"start":{"line":151,"column":4},"end":{"line":151,"column":4}}]},"20":{"line":154,"type":"if","locations":[{"start":{"line":154,"column":6},"end":{"line":154,"column":6}},{"start":{"line":154,"column":6},"end":{"line":154,"column":6}}]}}},"/Users/leroux/gitter/node-gitter/lib/errors.js":{"path":"/Users/leroux/gitter/node-gitter/lib/errors.js","s":{"1":1,"2":1,"3":1,"4":1},"b":{},"f":{},"fnMap":{},"statementMap":{"1":{"start":{"line":3,"column":0},"end":{"line":3,"column":42}},"2":{"start":{"line":6,"column":0},"end":{"line":6,"column":53}},"3":{"start":{"line":8,"column":0},"end":{"line":8,"column":62}},"4":{"start":{"line":10,"column":0},"end":{"line":13,"column":2}}},"branchMap":{}},"/Users/leroux/gitter/node-gitter/lib/resources/index.js":{"path":"/Users/leroux/gitter/node-gitter/lib/resources/index.js","s":{"1":1,"2":1},"b":{},"f":{},"fnMap":{},"statementMap":{"1":{"start":{"line":3,"column":0},"end":{"line":3,"column":52}},"2":{"start":{"line":5,"column":0},"end":{"line":5,"column":42}}},"branchMap":{}},"/Users/leroux/gitter/node-gitter/lib/resources/messages.js":{"path":"/Users/leroux/gitter/node-gitter/lib/resources/messages.js","s":{"1":1,"2":1,"3":1},"b":{},"f":{"1":0},"fnMap":{"1":{"name":"(anonymous_1)","line":25,"loc":{"start":{"line":25,"column":17},"end":{"line":25,"column":28}}}},"statementMap":{"1":{"start":{"line":3,"column":0},"end":{"line":3,"column":49}},"2":{"start":{"line":4,"column":0},"end":{"line":4,"column":29}},"3":{"start":{"line":6,"column":0},"end":{"line":28,"column":3}}},"branchMap":{}},"/Users/leroux/gitter/node-gitter/lib/resources/rooms.js":{"path":"/Users/leroux/gitter/node-gitter/lib/resources/rooms.js","s":{"1":1,"2":1,"3":1},"b":{},"f":{},"fnMap":{},"statementMap":{"1":{"start":{"line":3,"column":0},"end":{"line":3,"column":49}},"2":{"start":{"line":4,"column":0},"end":{"line":4,"column":29}},"3":{"start":{"line":6,"column":0},"end":{"line":28,"column":3}}},"branchMap":{}},"/Users/leroux/gitter/node-gitter/lib/resources/users.js":{"path":"/Users/leroux/gitter/node-gitter/lib/resources/users.js","s":{"1":1,"2":1,"3":1},"b":{},"f":{},"fnMap":{},"statementMap":{"1":{"start":{"line":3,"column":0},"end":{"line":3,"column":49}},"2":{"start":{"line":4,"column":0},"end":{"line":4,"column":29}},"3":{"start":{"line":6,"column":0},"end":{"line":47,"column":3}}},"branchMap":{}}}