TN:
SF:/Users/leroux/gitter/node-gitter/lib/client.js
FN:15,getRequestLib
FN:28,Client
FN:43,(anonymous_3)
FN:53,(anonymous_4)
FN:60,(anonymous_5)
FN:72,spreadResponse
FN:76,noSpreadResponse
FN:98,(anonymous_8)
FN:146,(anonymous_9)
FNF:9
FNH:9
FNDA:10,getRequestLib
FNDA:10,Client
FNDA:10,(anonymous_3)
FNDA:29,(anonymous_4)
FNDA:29,(anonymous_5)
FNDA:2,spreadResponse
FNDA:27,noSpreadResponse
FNDA:29,(anonymous_8)
FNDA:29,(anonymous_9)
DA:3,1
DA:4,1
DA:5,1
DA:6,1
DA:7,1
DA:8,1
DA:9,1
DA:10,1
DA:11,1
DA:12,1
DA:15,1
DA:16,10
DA:18,10
DA:19,1
DA:25,9
DA:28,1
DA:29,10
DA:30,10
DA:31,10
DA:32,10
DA:33,10
DA:39,10
DA:42,1
DA:45,10
DA:46,30
DA:54,29
DA:56,29
DA:58,29
DA:60,29
DA:61,29
DA:68,29
DA:70,29
DA:72,1
DA:73,2
DA:76,1
DA:77,27
DA:80,29
DA:84,29
DA:86,29
DA:98,29
DA:99,29
DA:100,0
DA:101,0
DA:104,29
DA:106,0
DA:107,0
DA:111,0
DA:112,0
DA:116,29
DA:117,0
DA:120,29
DA:121,29
DA:123,29
DA:124,0
DA:125,0
DA:126,0
DA:134,29
DA:137,0
DA:147,29
DA:150,21
DA:151,21
DA:152,21
DA:154,21
DA:155,21
DA:160,0
DA:165,1
LF:66
LH:54
BRDA:16,1,0,10
BRDA:16,1,1,6
BRDA:18,2,0,1
BRDA:18,2,1,9
BRDA:29,3,0,0
BRDA:29,3,1,10
BRDA:58,4,0,29
BRDA:58,4,1,29
BRDA:70,5,0,2
BRDA:70,5,1,27
BRDA:80,6,0,2
BRDA:80,6,1,27
BRDA:93,7,0,29
BRDA:93,7,1,0
BRDA:99,8,0,0
BRDA:99,8,1,29
BRDA:104,9,0,0
BRDA:104,9,1,29
BRDA:106,10,0,0
BRDA:106,10,1,0
BRDA:111,11,0,0
BRDA:111,11,1,0
BRDA:116,12,0,0
BRDA:116,12,1,29
BRDA:116,13,0,29
BRDA:116,13,1,0
BRDA:123,14,0,0
BRDA:123,14,1,29
BRDA:124,15,0,0
BRDA:124,15,1,0
BRDA:125,16,0,0
BRDA:125,16,1,0
BRDA:130,17,0,0
BRDA:130,17,1,0
BRDA:147,18,0,8
BRDA:147,18,1,21
BRDA:151,19,0,21
BRDA:151,19,1,0
BRDA:154,20,0,21
BRDA:154,20,1,0
BRF:40
BRH:21
end_of_record
TN:
SF:/Users/leroux/gitter/node-gitter/lib/errors.js
FNF:0
FNH:0
DA:3,1
DA:6,1
DA:8,1
DA:10,1
LF:4
LH:4
BRF:0
BRH:0
end_of_record
TN:
SF:/Users/leroux/gitter/node-gitter/lib/resources/index.js
FNF:0
FNH:0
DA:3,1
DA:5,1
LF:2
LH:2
BRF:0
BRH:0
end_of_record
TN:
SF:/Users/leroux/gitter/node-gitter/lib/resources/messages.js
FN:25,(anonymous_1)
FNF:1
FNH:0
FNDA:0,(anonymous_1)
DA:3,1
DA:4,1
DA:6,1
LF:3
LH:3
BRF:0
BRH:0
end_of_record
TN:
SF:/Users/leroux/gitter/node-gitter/lib/resources/rooms.js
FNF:0
FNH:0
DA:3,1
DA:4,1
DA:6,1
LF:3
LH:3
BRF:0
BRH:0
end_of_record
TN:
SF:/Users/leroux/gitter/node-gitter/lib/resources/users.js
FNF:0
FNH:0
DA:3,1
DA:4,1
DA:6,1
LF:3
LH:3
BRF:0
BRH:0
end_of_record
